  Box2dEmptyApp.cpp
  Game.cpp
C:\Users\emi_a\source\repos\MAVI II - Unidad II\Actividad III\Box2dFirstApp\Src\Game.cpp(56,55): warning C4244: 'argumento': conversión de 'int' a 'T'; posible pérdida de datos
C:\Users\emi_a\source\repos\MAVI II - Unidad II\Actividad III\Box2dFirstApp\Src\Game.cpp(56,55): warning C4244:         with
C:\Users\emi_a\source\repos\MAVI II - Unidad II\Actividad III\Box2dFirstApp\Src\Game.cpp(56,55): warning C4244:         [
C:\Users\emi_a\source\repos\MAVI II - Unidad II\Actividad III\Box2dFirstApp\Src\Game.cpp(56,55): warning C4244:             T=float
C:\Users\emi_a\source\repos\MAVI II - Unidad II\Actividad III\Box2dFirstApp\Src\Game.cpp(56,55): warning C4244:         ]
C:\Users\emi_a\source\repos\MAVI II - Unidad II\Actividad III\Box2dFirstApp\Src\Game.cpp(61,56): warning C4244: 'argumento': conversión de 'int' a 'T'; posible pérdida de datos
C:\Users\emi_a\source\repos\MAVI II - Unidad II\Actividad III\Box2dFirstApp\Src\Game.cpp(61,56): warning C4244:         with
C:\Users\emi_a\source\repos\MAVI II - Unidad II\Actividad III\Box2dFirstApp\Src\Game.cpp(61,56): warning C4244:         [
C:\Users\emi_a\source\repos\MAVI II - Unidad II\Actividad III\Box2dFirstApp\Src\Game.cpp(61,56): warning C4244:             T=float
C:\Users\emi_a\source\repos\MAVI II - Unidad II\Actividad III\Box2dFirstApp\Src\Game.cpp(61,56): warning C4244:         ]
  SFMLRenderer.cpp
C:\Users\emi_a\source\repos\MAVI II - Unidad II\Actividad III\Box2dFirstApp\Src\SFMLRenderer.cpp(121,25): warning C4244: 'argumento': conversión de 'int' a 'float'; posible pérdida de datos
C:\Users\emi_a\source\repos\MAVI II - Unidad II\Actividad III\Box2dFirstApp\Src\SFMLRenderer.cpp(121,22): warning C4244: 'argumento': conversión de 'int' a 'float'; posible pérdida de datos
  Generando código...
sfml-graphics-s-d.lib(Transformable.cpp.obj) : warning LNK4099: no se encontró PDB '' con 'sfml-graphics-s-d.lib(Transformable.cpp.obj)' o en ''; se vinculará el objeto sin tener en cuenta información de depuración
sfml-graphics-s-d.lib(Color.cpp.obj) : warning LNK4099: no se encontró PDB '' con 'sfml-graphics-s-d.lib(Color.cpp.obj)' o en ''; se vinculará el objeto sin tener en cuenta información de depuración
sfml-graphics-s-d.lib(Shape.cpp.obj) : warning LNK4099: no se encontró PDB '' con 'sfml-graphics-s-d.lib(Shape.cpp.obj)' o en ''; se vinculará el objeto sin tener en cuenta información de depuración
sfml-graphics-s-d.lib(CircleShape.cpp.obj) : warning LNK4099: no se encontró PDB '' con 'sfml-graphics-s-d.lib(CircleShape.cpp.obj)' o en ''; se vinculará el objeto sin tener en cuenta información de depuración
sfml-graphics-s-d.lib(RectangleShape.cpp.obj) : warning LNK4099: no se encontró PDB '' con 'sfml-graphics-s-d.lib(RectangleShape.cpp.obj)' o en ''; se vinculará el objeto sin tener en cuenta información de depuración
sfml-graphics-s-d.lib(View.cpp.obj) : warning LNK4099: no se encontró PDB '' con 'sfml-graphics-s-d.lib(View.cpp.obj)' o en ''; se vinculará el objeto sin tener en cuenta información de depuración
sfml-graphics-s-d.lib(RenderTarget.cpp.obj) : warning LNK4099: no se encontró PDB '' con 'sfml-graphics-s-d.lib(RenderTarget.cpp.obj)' o en ''; se vinculará el objeto sin tener en cuenta información de depuración
sfml-graphics-s-d.lib(RenderWindow.cpp.obj) : warning LNK4099: no se encontró PDB '' con 'sfml-graphics-s-d.lib(RenderWindow.cpp.obj)' o en ''; se vinculará el objeto sin tener en cuenta información de depuración
sfml-graphics-s-d.lib(RenderStates.cpp.obj) : warning LNK4099: no se encontró PDB '' con 'sfml-graphics-s-d.lib(RenderStates.cpp.obj)' o en ''; se vinculará el objeto sin tener en cuenta información de depuración
sfml-graphics-s-d.lib(Vertex.cpp.obj) : warning LNK4099: no se encontró PDB '' con 'sfml-graphics-s-d.lib(Vertex.cpp.obj)' o en ''; se vinculará el objeto sin tener en cuenta información de depuración
sfml-graphics-s-d.lib(ConvexShape.cpp.obj) : warning LNK4099: no se encontró PDB '' con 'sfml-graphics-s-d.lib(ConvexShape.cpp.obj)' o en ''; se vinculará el objeto sin tener en cuenta información de depuración
sfml-graphics-s-d.lib(Text.cpp.obj) : warning LNK4099: no se encontró PDB '' con 'sfml-graphics-s-d.lib(Text.cpp.obj)' o en ''; se vinculará el objeto sin tener en cuenta información de depuración
sfml-graphics-s-d.lib(Transform.cpp.obj) : warning LNK4099: no se encontró PDB '' con 'sfml-graphics-s-d.lib(Transform.cpp.obj)' o en ''; se vinculará el objeto sin tener en cuenta información de depuración
sfml-graphics-s-d.lib(VertexArray.cpp.obj) : warning LNK4099: no se encontró PDB '' con 'sfml-graphics-s-d.lib(VertexArray.cpp.obj)' o en ''; se vinculará el objeto sin tener en cuenta información de depuración
sfml-graphics-s-d.lib(Texture.cpp.obj) : warning LNK4099: no se encontró PDB '' con 'sfml-graphics-s-d.lib(Texture.cpp.obj)' o en ''; se vinculará el objeto sin tener en cuenta información de depuración
sfml-graphics-s-d.lib(BlendMode.cpp.obj) : warning LNK4099: no se encontró PDB '' con 'sfml-graphics-s-d.lib(BlendMode.cpp.obj)' o en ''; se vinculará el objeto sin tener en cuenta información de depuración
sfml-graphics-s-d.lib(Shader.cpp.obj) : warning LNK4099: no se encontró PDB '' con 'sfml-graphics-s-d.lib(Shader.cpp.obj)' o en ''; se vinculará el objeto sin tener en cuenta información de depuración
sfml-graphics-s-d.lib(VertexBuffer.cpp.obj) : warning LNK4099: no se encontró PDB '' con 'sfml-graphics-s-d.lib(VertexBuffer.cpp.obj)' o en ''; se vinculará el objeto sin tener en cuenta información de depuración
sfml-graphics-s-d.lib(GLExtensions.cpp.obj) : warning LNK4099: no se encontró PDB '' con 'sfml-graphics-s-d.lib(GLExtensions.cpp.obj)' o en ''; se vinculará el objeto sin tener en cuenta información de depuración
sfml-graphics-s-d.lib(GLCheck.cpp.obj) : warning LNK4099: no se encontró PDB '' con 'sfml-graphics-s-d.lib(GLCheck.cpp.obj)' o en ''; se vinculará el objeto sin tener en cuenta información de depuración
sfml-graphics-s-d.lib(GLLoader.cpp.obj) : warning LNK4099: no se encontró PDB '' con 'sfml-graphics-s-d.lib(GLLoader.cpp.obj)' o en ''; se vinculará el objeto sin tener en cuenta información de depuración
sfml-graphics-s-d.lib(RenderTextureImplFBO.cpp.obj) : warning LNK4099: no se encontró PDB '' con 'sfml-graphics-s-d.lib(RenderTextureImplFBO.cpp.obj)' o en ''; se vinculará el objeto sin tener en cuenta información de depuración
sfml-graphics-s-d.lib(Font.cpp.obj) : warning LNK4099: no se encontró PDB '' con 'sfml-graphics-s-d.lib(Font.cpp.obj)' o en ''; se vinculará el objeto sin tener en cuenta información de depuración
sfml-graphics-s-d.lib(Image.cpp.obj) : warning LNK4099: no se encontró PDB '' con 'sfml-graphics-s-d.lib(Image.cpp.obj)' o en ''; se vinculará el objeto sin tener en cuenta información de depuración
sfml-graphics-s-d.lib(TextureSaver.cpp.obj) : warning LNK4099: no se encontró PDB '' con 'sfml-graphics-s-d.lib(TextureSaver.cpp.obj)' o en ''; se vinculará el objeto sin tener en cuenta información de depuración
sfml-graphics-s-d.lib(Glsl.cpp.obj) : warning LNK4099: no se encontró PDB '' con 'sfml-graphics-s-d.lib(Glsl.cpp.obj)' o en ''; se vinculará el objeto sin tener en cuenta información de depuración
sfml-graphics-s-d.lib(RenderTextureImpl.cpp.obj) : warning LNK4099: no se encontró PDB '' con 'sfml-graphics-s-d.lib(RenderTextureImpl.cpp.obj)' o en ''; se vinculará el objeto sin tener en cuenta información de depuración
sfml-graphics-s-d.lib(ImageLoader.cpp.obj) : warning LNK4099: no se encontró PDB '' con 'sfml-graphics-s-d.lib(ImageLoader.cpp.obj)' o en ''; se vinculará el objeto sin tener en cuenta información de depuración
sfml-system-s-d.lib(String.cpp.obj) : warning LNK4099: no se encontró PDB '' con 'sfml-system-s-d.lib(String.cpp.obj)' o en ''; se vinculará el objeto sin tener en cuenta información de depuración
sfml-system-s-d.lib(Mutex.cpp.obj) : warning LNK4099: no se encontró PDB '' con 'sfml-system-s-d.lib(Mutex.cpp.obj)' o en ''; se vinculará el objeto sin tener en cuenta información de depuración
sfml-system-s-d.lib(Lock.cpp.obj) : warning LNK4099: no se encontró PDB '' con 'sfml-system-s-d.lib(Lock.cpp.obj)' o en ''; se vinculará el objeto sin tener en cuenta información de depuración
sfml-system-s-d.lib(Err.cpp.obj) : warning LNK4099: no se encontró PDB '' con 'sfml-system-s-d.lib(Err.cpp.obj)' o en ''; se vinculará el objeto sin tener en cuenta información de depuración
sfml-system-s-d.lib(MutexImpl.cpp.obj) : warning LNK4099: no se encontró PDB '' con 'sfml-system-s-d.lib(MutexImpl.cpp.obj)' o en ''; se vinculará el objeto sin tener en cuenta información de depuración
sfml-window-s-d.lib(VideoMode.cpp.obj) : warning LNK4099: no se encontró PDB '' con 'sfml-window-s-d.lib(VideoMode.cpp.obj)' o en ''; se vinculará el objeto sin tener en cuenta información de depuración
sfml-window-s-d.lib(Window.cpp.obj) : warning LNK4099: no se encontró PDB '' con 'sfml-window-s-d.lib(Window.cpp.obj)' o en ''; se vinculará el objeto sin tener en cuenta información de depuración
sfml-window-s-d.lib(Context.cpp.obj) : warning LNK4099: no se encontró PDB '' con 'sfml-window-s-d.lib(Context.cpp.obj)' o en ''; se vinculará el objeto sin tener en cuenta información de depuración
sfml-window-s-d.lib(GlResource.cpp.obj) : warning LNK4099: no se encontró PDB '' con 'sfml-window-s-d.lib(GlResource.cpp.obj)' o en ''; se vinculará el objeto sin tener en cuenta información de depuración
sfml-window-s-d.lib(VideoModeImpl.cpp.obj) : warning LNK4099: no se encontró PDB '' con 'sfml-window-s-d.lib(VideoModeImpl.cpp.obj)' o en ''; se vinculará el objeto sin tener en cuenta información de depuración
sfml-window-s-d.lib(Cursor.cpp.obj) : warning LNK4099: no se encontró PDB '' con 'sfml-window-s-d.lib(Cursor.cpp.obj)' o en ''; se vinculará el objeto sin tener en cuenta información de depuración
sfml-window-s-d.lib(GlContext.cpp.obj) : warning LNK4099: no se encontró PDB '' con 'sfml-window-s-d.lib(GlContext.cpp.obj)' o en ''; se vinculará el objeto sin tener en cuenta información de depuración
sfml-window-s-d.lib(WindowImpl.cpp.obj) : warning LNK4099: no se encontró PDB '' con 'sfml-window-s-d.lib(WindowImpl.cpp.obj)' o en ''; se vinculará el objeto sin tener en cuenta información de depuración
sfml-window-s-d.lib(CursorImpl.cpp.obj) : warning LNK4099: no se encontró PDB '' con 'sfml-window-s-d.lib(CursorImpl.cpp.obj)' o en ''; se vinculará el objeto sin tener en cuenta información de depuración
sfml-window-s-d.lib(WglContext.cpp.obj) : warning LNK4099: no se encontró PDB '' con 'sfml-window-s-d.lib(WglContext.cpp.obj)' o en ''; se vinculará el objeto sin tener en cuenta información de depuración
sfml-window-s-d.lib(JoystickManager.cpp.obj) : warning LNK4099: no se encontró PDB '' con 'sfml-window-s-d.lib(JoystickManager.cpp.obj)' o en ''; se vinculará el objeto sin tener en cuenta información de depuración
sfml-window-s-d.lib(SensorManager.cpp.obj) : warning LNK4099: no se encontró PDB '' con 'sfml-window-s-d.lib(SensorManager.cpp.obj)' o en ''; se vinculará el objeto sin tener en cuenta información de depuración
sfml-window-s-d.lib(WindowImplWin32.cpp.obj) : warning LNK4099: no se encontró PDB '' con 'sfml-window-s-d.lib(WindowImplWin32.cpp.obj)' o en ''; se vinculará el objeto sin tener en cuenta información de depuración
sfml-window-s-d.lib(WglExtensions.cpp.obj) : warning LNK4099: no se encontró PDB '' con 'sfml-window-s-d.lib(WglExtensions.cpp.obj)' o en ''; se vinculará el objeto sin tener en cuenta información de depuración
sfml-window-s-d.lib(Joystick.cpp.obj) : warning LNK4099: no se encontró PDB '' con 'sfml-window-s-d.lib(Joystick.cpp.obj)' o en ''; se vinculará el objeto sin tener en cuenta información de depuración
sfml-window-s-d.lib(JoystickImpl.cpp.obj) : warning LNK4099: no se encontró PDB '' con 'sfml-window-s-d.lib(JoystickImpl.cpp.obj)' o en ''; se vinculará el objeto sin tener en cuenta información de depuración
sfml-window-s-d.lib(SensorImpl.cpp.obj) : warning LNK4099: no se encontró PDB '' con 'sfml-window-s-d.lib(SensorImpl.cpp.obj)' o en ''; se vinculará el objeto sin tener en cuenta información de depuración
sfml-system-s-d.lib(Time.cpp.obj) : warning LNK4099: no se encontró PDB '' con 'sfml-system-s-d.lib(Time.cpp.obj)' o en ''; se vinculará el objeto sin tener en cuenta información de depuración
sfml-system-s-d.lib(Clock.cpp.obj) : warning LNK4099: no se encontró PDB '' con 'sfml-system-s-d.lib(Clock.cpp.obj)' o en ''; se vinculará el objeto sin tener en cuenta información de depuración
sfml-system-s-d.lib(Sleep.cpp.obj) : warning LNK4099: no se encontró PDB '' con 'sfml-system-s-d.lib(Sleep.cpp.obj)' o en ''; se vinculará el objeto sin tener en cuenta información de depuración
sfml-system-s-d.lib(ThreadLocal.cpp.obj) : warning LNK4099: no se encontró PDB '' con 'sfml-system-s-d.lib(ThreadLocal.cpp.obj)' o en ''; se vinculará el objeto sin tener en cuenta información de depuración
sfml-system-s-d.lib(ClockImpl.cpp.obj) : warning LNK4099: no se encontró PDB '' con 'sfml-system-s-d.lib(ClockImpl.cpp.obj)' o en ''; se vinculará el objeto sin tener en cuenta información de depuración
sfml-system-s-d.lib(SleepImpl.cpp.obj) : warning LNK4099: no se encontró PDB '' con 'sfml-system-s-d.lib(SleepImpl.cpp.obj)' o en ''; se vinculará el objeto sin tener en cuenta información de depuración
sfml-system-s-d.lib(ThreadLocalImpl.cpp.obj) : warning LNK4099: no se encontró PDB '' con 'sfml-system-s-d.lib(ThreadLocalImpl.cpp.obj)' o en ''; se vinculará el objeto sin tener en cuenta información de depuración
  Box2dEmptyApp.vcxproj -> C:\Users\emi_a\source\repos\MAVI II - Unidad II\Actividad III\Box2dFirstApp\Bin\Debug\Box2dEmptyApp.exe
